<?xml version="1.0" encoding="UTF-8"?>
<testsuite xmlns:xsi="http://www.w3.org/2001/XMLSchema-instance" xsi:noNamespaceSchemaLocation="https://maven.apache.org/surefire/maven-surefire-plugin/xsd/surefire-test-report-3.0.xsd" version="3.0" name="TestSuite" time="7.315" tests="1" errors="0" skipped="0" failures="0">
  <properties>
[...]
</properties>
  <testcase name="dataEntryTest[{url=https://docs.google.com/forms/d/1xYiK5lKe36ykwzPYff-qkkTaR2N444769GR10Lcpn2A/edit, nric=1234.0, lastname=testlast, nationality=India, firstname=testfirst, dob=1.1111995E7}](1)" classname="ncs.demo.testcases.DataEntryTest" time="5.519">
    <system-err><![CDATA[Starting ChromeDriver 83.0.4103.39 (ccbf011cb2d2b19b506d844400483861342c20cd-refs/branch-heads/4103@{#416}) on port 27437
Only local connections are allowed.
Please see https://chromedriver.chromium.org/security-considerations for suggestions on keeping ChromeDriver safe.
ChromeDriver was started successfully.
[1596002031.534][WARNING]: This version of ChromeDriver has not been tested with Chrome version 84.
Jul 29, 2020 1:53:52 PM org.openqa.selenium.remote.ProtocolHandshake createSession
INFO: Detected dialect: W3C
]]></system-err>
  </testcase>
</testsuite>